<?xml version="1.0" encoding="UTF-8"?>
<testng-results skipped="0" failed="1" ignored="0" total="4" passed="3">
  <reporter-output>
  </reporter-output>
  <suite name="com.smu.qa.testcases.LoginPageTest" duration-ms="55799" started-at="2019-02-21T10:11:56Z" finished-at="2019-02-21T10:12:51Z">
    <groups>
    </groups>
    <test name="Command line test" duration-ms="55799" started-at="2019-02-21T10:11:56Z" finished-at="2019-02-21T10:12:51Z">
      <class name="com.smu.qa.testcases.LoginPageTest">
        <test-method status="PASS" signature="setUp()[pri:0, instance:com.smu.qa.testcases.LoginPageTest@5315b42e]" name="setUp" is-config="true" duration-ms="14135" started-at="2019-02-21T10:11:56Z" finished-at="2019-02-21T10:12:10Z">
          <reporter-output>
          </reporter-output>
        </test-method> <!-- setUp -->
        <test-method status="FAIL" signature="LoginPageLogo()[pri:0, instance:com.smu.qa.testcases.LoginPageTest@5315b42e]" name="LoginPageLogo" duration-ms="52" started-at="2019-02-21T10:12:10Z" finished-at="2019-02-21T10:12:10Z">
          <exception class="java.lang.AssertionError">
            <message>
              <![CDATA[Logo is wrong expected [true] but found [false]]]>
            </message>
            <full-stacktrace>
              <![CDATA[java.lang.AssertionError: Logo is wrong expected [true] but found [false]
at org.testng.Assert.fail(Assert.java:96)
at org.testng.Assert.failNotEquals(Assert.java:776)
at org.testng.Assert.assertTrue(Assert.java:44)
at com.smu.qa.testcases.LoginPageTest.LoginPageLogo(LoginPageTest.java:36)
at sun.reflect.NativeMethodAccessorImpl.invoke0(Native Method)
at sun.reflect.NativeMethodAccessorImpl.invoke(NativeMethodAccessorImpl.java:62)
at sun.reflect.DelegatingMethodAccessorImpl.invoke(DelegatingMethodAccessorImpl.java:43)
at java.lang.reflect.Method.invoke(Method.java:498)
at org.testng.internal.MethodInvocationHelper.invokeMethod(MethodInvocationHelper.java:124)
at org.testng.internal.Invoker.invokeMethod(Invoker.java:583)
at org.testng.internal.Invoker.invokeTestMethod(Invoker.java:719)
at org.testng.internal.Invoker.invokeTestMethods(Invoker.java:989)
at org.testng.internal.TestMethodWorker.invokeTestMethods(TestMethodWorker.java:125)
at org.testng.internal.TestMethodWorker.run(TestMethodWorker.java:109)
at org.testng.TestRunner.privateRun(TestRunner.java:648)
at org.testng.TestRunner.run(TestRunner.java:505)
at org.testng.SuiteRunner.runTest(SuiteRunner.java:455)
at org.testng.SuiteRunner.runSequentially(SuiteRunner.java:450)
at org.testng.SuiteRunner.privateRun(SuiteRunner.java:415)
at org.testng.SuiteRunner.run(SuiteRunner.java:364)
at org.testng.SuiteRunnerWorker.runSuite(SuiteRunnerWorker.java:52)
at org.testng.SuiteRunnerWorker.run(SuiteRunnerWorker.java:84)
at org.testng.TestNG.runSuitesSequentially(TestNG.java:1208)
at org.testng.TestNG.runSuitesLocally(TestNG.java:1137)
at org.testng.TestNG.runSuites(TestNG.java:1049)
at org.testng.TestNG.run(TestNG.java:1017)
at org.apache.maven.surefire.testng.TestNGExecutor.run(TestNGExecutor.java:77)
at org.apache.maven.surefire.testng.TestNGDirectoryTestSuite.execute(TestNGDirectoryTestSuite.java:110)
at org.apache.maven.surefire.testng.TestNGProvider.invoke(TestNGProvider.java:106)
at sun.reflect.NativeMethodAccessorImpl.invoke0(Native Method)
at sun.reflect.NativeMethodAccessorImpl.invoke(NativeMethodAccessorImpl.java:62)
at sun.reflect.DelegatingMethodAccessorImpl.invoke(DelegatingMethodAccessorImpl.java:43)
at java.lang.reflect.Method.invoke(Method.java:498)
at org.apache.maven.surefire.util.ReflectionUtils.invokeMethodWithArray(ReflectionUtils.java:189)
at org.apache.maven.surefire.booter.ProviderFactory$ProviderProxy.invoke(ProviderFactory.java:165)
at org.apache.maven.surefire.booter.ProviderFactory.invokeProvider(ProviderFactory.java:85)
at org.apache.maven.surefire.booter.ForkedBooter.runSuitesInProcess(ForkedBooter.java:115)
at org.apache.maven.surefire.booter.ForkedBooter.main(ForkedBooter.java:75)
]]>
            </full-stacktrace>
          </exception> <!-- java.lang.AssertionError -->
          <reporter-output>
          </reporter-output>
        </test-method> <!-- LoginPageLogo -->
        <test-method status="PASS" signature="tearDown()[pri:0, instance:com.smu.qa.testcases.LoginPageTest@5315b42e]" name="tearDown" is-config="true" duration-ms="692" started-at="2019-02-21T10:12:10Z" finished-at="2019-02-21T10:12:10Z">
          <reporter-output>
          </reporter-output>
        </test-method> <!-- tearDown -->
        <test-method status="PASS" signature="setUp()[pri:0, instance:com.smu.qa.testcases.LoginPageTest@5315b42e]" name="setUp" is-config="true" duration-ms="8361" started-at="2019-02-21T10:12:10Z" finished-at="2019-02-21T10:12:19Z">
          <reporter-output>
          </reporter-output>
        </test-method> <!-- setUp -->
        <test-method status="PASS" signature="LoginPageTitleTest()[pri:0, instance:com.smu.qa.testcases.LoginPageTest@5315b42e]" name="LoginPageTitleTest" duration-ms="8" started-at="2019-02-21T10:12:19Z" finished-at="2019-02-21T10:12:19Z">
          <reporter-output>
          </reporter-output>
        </test-method> <!-- LoginPageTitleTest -->
        <test-method status="PASS" signature="tearDown()[pri:0, instance:com.smu.qa.testcases.LoginPageTest@5315b42e]" name="tearDown" is-config="true" duration-ms="626" started-at="2019-02-21T10:12:19Z" finished-at="2019-02-21T10:12:19Z">
          <reporter-output>
          </reporter-output>
        </test-method> <!-- tearDown -->
        <test-method status="PASS" signature="setUp()[pri:0, instance:com.smu.qa.testcases.LoginPageTest@5315b42e]" name="setUp" is-config="true" duration-ms="7960" started-at="2019-02-21T10:12:19Z" finished-at="2019-02-21T10:12:27Z">
          <reporter-output>
          </reporter-output>
        </test-method> <!-- setUp -->
        <test-method status="PASS" signature="RememberUsernameCheckBox()[pri:0, instance:com.smu.qa.testcases.LoginPageTest@5315b42e]" name="RememberUsernameCheckBox" duration-ms="88" started-at="2019-02-21T10:12:27Z" finished-at="2019-02-21T10:12:27Z">
          <reporter-output>
          </reporter-output>
        </test-method> <!-- RememberUsernameCheckBox -->
        <test-method status="PASS" signature="tearDown()[pri:0, instance:com.smu.qa.testcases.LoginPageTest@5315b42e]" name="tearDown" is-config="true" duration-ms="625" started-at="2019-02-21T10:12:27Z" finished-at="2019-02-21T10:12:28Z">
          <reporter-output>
          </reporter-output>
        </test-method> <!-- tearDown -->
        <test-method status="PASS" signature="setUp()[pri:0, instance:com.smu.qa.testcases.LoginPageTest@5315b42e]" name="setUp" is-config="true" duration-ms="7517" started-at="2019-02-21T10:12:28Z" finished-at="2019-02-21T10:12:36Z">
          <reporter-output>
          </reporter-output>
        </test-method> <!-- setUp -->
        <test-method status="PASS" signature="userlogin()[pri:0, instance:com.smu.qa.testcases.LoginPageTest@5315b42e]" name="userlogin" duration-ms="15043" started-at="2019-02-21T10:12:36Z" finished-at="2019-02-21T10:12:51Z">
          <reporter-output>
          </reporter-output>
        </test-method> <!-- userlogin -->
        <test-method status="PASS" signature="tearDown()[pri:0, instance:com.smu.qa.testcases.LoginPageTest@5315b42e]" name="tearDown" is-config="true" duration-ms="648" started-at="2019-02-21T10:12:51Z" finished-at="2019-02-21T10:12:51Z">
          <reporter-output>
          </reporter-output>
        </test-method> <!-- tearDown -->
      </class> <!-- com.smu.qa.testcases.LoginPageTest -->
    </test> <!-- Command line test -->
  </suite> <!-- com.smu.qa.testcases.LoginPageTest -->
</testng-results>
